Сборка начата 30.08.2015 13:40:02.
     1>Проект "D:\MyGame\Game\cocos2d\external\Box2D\proj.win32\libbox2d.vcxproj" в узле 2 (целевые объекты Build).
     1>ClCompile:
         C:\Program Files (x86)\Microsoft Visual Studio 12.0\VC\bin\CL.exe /c /I"C:\Program Files (x86)\Microsoft SDKs\Windows\v7.1A\include" /I../../ /I"C:\Program Files (x86)\Visual Leak Detector\include" /nologo /W3 /WX- /MP /O1 /Oy- /D WIN32 /D NDEBUG /D _LIB /D _USING_V110_SDK71_ /D _UNICODE /D UNICODE /Gm- /EHsc /MD /GS /fp:precise /Zc:wchar_t /Zc:forScope /Fo"Release.win32\\" /Fd"Release.win32\vc120.pdb" /Gd /TP /analyze- /errorReport:prompt ..\Collision\b2BroadPhase.cpp ..\Collision\b2CollideCircle.cpp ..\Collision\b2CollideEdge.cpp ..\Collision\b2CollidePolygon.cpp ..\Collision\b2Collision.cpp ..\Collision\b2Distance.cpp ..\Collision\b2DynamicTree.cpp ..\Collision\b2TimeOfImpact.cpp ..\Collision\Shapes\b2ChainShape.cpp ..\Collision\Shapes\b2CircleShape.cpp ..\Collision\Shapes\b2EdgeShape.cpp ..\Collision\Shapes\b2PolygonShape.cpp ..\Common\b2BlockAllocator.cpp ..\Common\b2Draw.cpp ..\Common\b2Math.cpp ..\Common\b2Settings.cpp ..\Common\b2StackAllocator.cpp ..\Common\b2Timer.cpp ..\Dynamics\b2Body.cpp ..\Dynamics\b2ContactManager.cpp ..\Dynamics\b2Fixture.cpp ..\Dynamics\b2Island.cpp ..\Dynamics\b2World.cpp ..\Dynamics\b2WorldCallbacks.cpp ..\Dynamics\Contacts\b2ChainAndCircleContact.cpp ..\Dynamics\Contacts\b2ChainAndPolygonContact.cpp ..\Dynamics\Contacts\b2CircleContact.cpp ..\Dynamics\Contacts\b2Contact.cpp ..\Dynamics\Contacts\b2ContactSolver.cpp ..\Dynamics\Contacts\b2EdgeAndCircleContact.cpp ..\Dynamics\Contacts\b2EdgeAndPolygonContact.cpp ..\Dynamics\Contacts\b2PolygonAndCircleContact.cpp ..\Dynamics\Contacts\b2PolygonContact.cpp ..\Dynamics\Joints\b2DistanceJoint.cpp ..\Dynamics\Joints\b2FrictionJoint.cpp ..\Dynamics\Joints\b2GearJoint.cpp ..\Dynamics\Joints\b2Joint.cpp ..\Dynamics\Joints\b2MotorJoint.cpp ..\Dynamics\Joints\b2MouseJoint.cpp ..\Dynamics\Joints\b2PrismaticJoint.cpp ..\Dynamics\Joints\b2PulleyJoint.cpp ..\Dynamics\Joints\b2RevoluteJoint.cpp ..\Dynamics\Joints\b2RopeJoint.cpp ..\Dynamics\Joints\b2WeldJoint.cpp ..\Dynamics\Joints\b2WheelJoint.cpp ..\Rope\b2Rope.cpp
         b2BroadPhase.cpp
         b2CollideCircle.cpp
         b2CollideEdge.cpp
         b2CollidePolygon.cpp
         b2Collision.cpp
         b2Distance.cpp
         b2DynamicTree.cpp
         b2TimeOfImpact.cpp
         b2ChainShape.cpp
         b2CircleShape.cpp
         b2EdgeShape.cpp
         b2PolygonShape.cpp
         b2BlockAllocator.cpp
         b2Draw.cpp
         Compiler terminating.  Please wait........... Abort complete.
     1>Сборка проекта "D:\MyGame\Game\cocos2d\external\Box2D\proj.win32\libbox2d.vcxproj" завершена (целевые объекты Build) с ошибкой.

Ошибка сборки.

Затраченное время: 00:00:05.29
